<?xml version="1.0" encoding="UTF-8"?>
<!-- Generated by org.testng.reporters.JUnitReportReporter -->
<testsuite hostname="DESKTOP-Q7S0LT0" failures="0" tests="3" name="practice.testng.baseclass.listener.extentreport.highlevellogs.contacttest.CreateContactTest" time="69.902" errors="0" timestamp="2024-10-16T15:29:11 IST" skipped="0">
  <testcase classname="practice.testng.baseclass.listener.extentreport.highlevellogs.contacttest.CreateContactTest" name="createContactWithSupportDateTest" time="21.339"/>
  <testcase classname="practice.testng.baseclass.listener.extentreport.highlevellogs.contacttest.CreateContactTest" name="createContactWithOrgTest" time="25.618"/>
  <testcase classname="practice.testng.baseclass.listener.extentreport.highlevellogs.contacttest.CreateContactTest" name="createContactTest" time="22.945"/>
</testsuite> <!-- practice.testng.baseclass.listener.extentreport.highlevellogs.contacttest.CreateContactTest -->
