<?xml version="1.0" encoding="UTF-8"?>
<!-- Generated by org.testng.reporters.JUnitReportReporter -->
<testsuite hostname="DESKTOP-Q7S0LT0" failures="0" tests="3" name="practice.testng.baseclass.listener.extentreport.highlevellogs.orgtest.CreateOrganizationTest" time="60.676" errors="0" timestamp="2024-10-16T15:29:11 IST" skipped="0">
  <testcase classname="practice.testng.baseclass.listener.extentreport.highlevellogs.orgtest.CreateOrganizationTest" name="createOrganizationTest" time="25.812"/>
  <testcase classname="practice.testng.baseclass.listener.extentreport.highlevellogs.orgtest.CreateOrganizationTest" name="createOrganizationWithIndustriesTest" time="17.038"/>
  <testcase classname="practice.testng.baseclass.listener.extentreport.highlevellogs.orgtest.CreateOrganizationTest" name="createOrganizationWithPhoneNumberTest" time="17.826"/>
</testsuite> <!-- practice.testng.baseclass.listener.extentreport.highlevellogs.orgtest.CreateOrganizationTest -->
