<?xml version="1.0" encoding="UTF-8"?>
<!-- Generated by org.testng.reporters.JUnitReportReporter -->
<testsuite hostname="DESKTOP-Q7S0LT0" failures="0" tests="3" name="practice.testng.baseclass.listener.extentreport.highlevellogs.contacttest.CreateContactTest" time="412.313" errors="0" timestamp="2024-10-16T16:26:17 IST" skipped="0">
  <testcase classname="practice.testng.baseclass.listener.extentreport.highlevellogs.contacttest.CreateContactTest" name="createContactWithOrgTest" time="84.172"/>
  <testcase classname="practice.testng.baseclass.listener.extentreport.highlevellogs.contacttest.CreateContactTest" name="createContactWithSupportDateTest" time="122.351"/>
  <testcase classname="practice.testng.baseclass.listener.extentreport.highlevellogs.contacttest.CreateContactTest" name="createContactTest" time="205.790"/>
</testsuite> <!-- practice.testng.baseclass.listener.extentreport.highlevellogs.contacttest.CreateContactTest -->
