<?xml version="1.0" encoding="UTF-8"?>
<!-- Generated by org.testng.reporters.JUnitReportReporter -->
<testsuite hostname="DESKTOP-Q7S0LT0" failures="0" tests="3" name="practice.testng.baseclass.listener.extentreport.highlevellogs.orgtest.CreateOrganizationTest" time="84.905" errors="0" timestamp="2024-10-16T16:26:17 IST" skipped="0">
  <testcase classname="practice.testng.baseclass.listener.extentreport.highlevellogs.orgtest.CreateOrganizationTest" name="createOrganizationTest" time="26.562"/>
  <testcase classname="practice.testng.baseclass.listener.extentreport.highlevellogs.orgtest.CreateOrganizationTest" name="createOrganizationWithIndustriesTest" time="32.148"/>
  <testcase classname="practice.testng.baseclass.listener.extentreport.highlevellogs.orgtest.CreateOrganizationTest" name="createOrganizationWithPhoneNumberTest" time="26.195"/>
</testsuite> <!-- practice.testng.baseclass.listener.extentreport.highlevellogs.orgtest.CreateOrganizationTest -->
